League-of-Legends 984287
Minecraft 951430
DOTA-2 587273
The-Elder-Scrolls-Online 367341
Hearthstone 364608
Warframe 331634
World-of-Tanks 298029
Rift 247885
Team-Fortress-2 209618
Smite 175268
Left-4-Dead-2 119560
Call-of-Duty-4-Modern-Warfare 104795
World-of-Planes 61669
Path-of-Exile 60539
Combat-Arms 58769
TERA-The-Exiled-Realm-of-Arborea 52477
Civilization-V 52234
Maplestory 50652
Half-Life-2-Garrys-Mod 43721
RuneScape 30570
Ghost-Recon-Online 21046
Star-Trek-Online 17381
APB-Reloaded 15753
The-Lord-Of-The-Rings-Online 13319
Toribash 6865
Crystal-Saga 2451
Kingsroad 1557
Adventure-Quest-Worlds 1015
Battlestar-Galactica-Online 672
Drakensang-Online 530
FusionFall 26
Tales-of-Solaris 2
Puzzle-Pirates 0
Americas-Army-3 0
